# JRE version: OpenJDK Runtime Environment (11.0.11+9) (build 11.0.11+9-Ubuntu-0ubuntu2.18.04)
# Java VM: OpenJDK 64-Bit Server VM (11.0.11+9-Ubuntu-0ubuntu2.18.04, mixed mode, sharing, tiered, compressed oops, serial gc, linux-amd64)
Heap:
 def new generation   total 26112K, used 0K [0x00000000f0800000, 0x00000000f2450000, 0x00000000f5aa0000)
  eden space 23232K,   0% used [0x00000000f0800000, 0x00000000f0800000, 0x00000000f1eb0000)
  from space 2880K,   0% used [0x00000000f2180000, 0x00000000f2180000, 0x00000000f2450000)
  to   space 2880K,   0% used [0x00000000f1eb0000, 0x00000000f1eb0000, 0x00000000f2180000)
 tenured generation   total 60036K, used 49851K [0x00000000f5aa0000, 0x00000000f9541000, 0x0000000100000000)
   the space 60036K,  83% used [0x00000000f5aa0000, 0x00000000f8b4ee38, 0x00000000f8b4f000, 0x00000000f9541000)
 Metaspace       used 30563K, capacity 31605K, committed 31872K, reserved 1077248K
  class space    used 3351K, capacity 3664K, committed 3712K, reserved 1048576K
GC Heap History (20 events):
Event: 7.797 GC heap after
{Heap after GC invocations=56 (full 3):
 def new generation   total 26112K, used 2880K [0x00000000f0800000, 0x00000000f2450000, 0x00000000f5aa0000)
  eden space 23232K,   0% used [0x00000000f0800000, 0x00000000f0800000, 0x00000000f1eb0000)
  from space 2880K, 100% used [0x00000000f2180000, 0x00000000f2450000, 0x00000000f2450000)
  to   space 2880K,   0% used [0x00000000f1eb0000, 0x00000000f1eb0000, 0x00000000f2180000)
 tenured generation   total 57888K, used 35961K [0x00000000f5aa0000, 0x00000000f9328000, 0x0000000100000000)
   the space 57888K,  62% used [0x00000000f5aa0000, 0x00000000f7dbe6d0, 0x00000000f7dbe800, 0x00000000f9328000)
 Metaspace       used 25283K, capacity 26119K, committed 26368K, reserved 1073152K
  class space    used 2809K, capacity 3043K, committed 3072K, reserved 1048576K
}
Event: 8.272 GC heap before
{Heap before GC invocations=56 (full 3):
 def new generation   total 26112K, used 26112K [0x00000000f0800000, 0x00000000f2450000, 0x00000000f5aa0000)
  eden space 23232K, 100% used [0x00000000f0800000, 0x00000000f1eb0000, 0x00000000f1eb0000)
  from space 2880K, 100% used [0x00000000f2180000, 0x00000000f2450000, 0x00000000f2450000)
  to   space 2880K,   0% used [0x00000000f1eb0000, 0x00000000f1eb0000, 0x00000000f2180000)
 tenured generation   total 57888K, used 35961K [0x00000000f5aa0000, 0x00000000f9328000, 0x0000000100000000)
   the space 57888K,  62% used [0x00000000f5aa0000, 0x00000000f7dbe6d0, 0x00000000f7dbe800, 0x00000000f9328000)
 Metaspace       used 26704K, capacity 27617K, committed 27904K, reserved 1073152K
  class space    used 2959K, capacity 3225K, committed 3328K, reserved 1048576K
}
Event: 8.289 GC heap after
{Heap after GC invocations=57 (full 3):
 def new generation   total 26112K, used 1373K [0x00000000f0800000, 0x00000000f2450000, 0x00000000f5aa0000)
  eden space 23232K,   0% used [0x00000000f0800000, 0x00000000f0800000, 0x00000000f1eb0000)
  from space 2880K,  47% used [0x00000000f1eb0000, 0x00000000f2007510, 0x00000000f2180000)
  to   space 2880K,   0% used [0x00000000f2180000, 0x00000000f2180000, 0x00000000f2450000)
 tenured generation   total 57888K, used 38802K [0x00000000f5aa0000, 0x00000000f9328000, 0x0000000100000000)
   the space 57888K,  67% used [0x00000000f5aa0000, 0x00000000f8084ae8, 0x00000000f8084c00, 0x00000000f9328000)
 Metaspace       used 26704K, capacity 27617K, committed 27904K, reserved 1073152K
  class space    used 2959K, capacity 3225K, committed 3328K, reserved 1048576K
}
Event: 8.643 GC heap before
{Heap before GC invocations=57 (full 3):
 def new generation   total 26112K, used 24605K [0x00000000f0800000, 0x00000000f2450000, 0x00000000f5aa0000)
  eden space 23232K, 100% used [0x00000000f0800000, 0x00000000f1eb0000, 0x00000000f1eb0000)
  from space 2880K,  47% used [0x00000000f1eb0000, 0x00000000f2007510, 0x00000000f2180000)
  to   space 2880K,   0% used [0x00000000f2180000, 0x00000000f2180000, 0x00000000f2450000)
 tenured generation   total 57888K, used 38802K [0x00000000f5aa0000, 0x00000000f9328000, 0x0000000100000000)
   the space 57888K,  67% used [0x00000000f5aa0000, 0x00000000f8084ae8, 0x00000000f8084c00, 0x00000000f9328000)
 Metaspace       used 27721K, capacity 28698K, committed 29056K, reserved 1075200K
  class space    used 3072K, capacity 3342K, committed 3456K, reserved 1048576K
}
Event: 8.647 GC heap after
{Heap after GC invocations=58 (full 3):
 def new generation   total 26112K, used 1731K [0x00000000f0800000, 0x00000000f2450000, 0x00000000f5aa0000)
  eden space 23232K,   0% used [0x00000000f0800000, 0x00000000f0800000, 0x00000000f1eb0000)
  from space 2880K,  60% used [0x00000000f2180000, 0x00000000f2330f20, 0x00000000f2450000)
  to   space 2880K,   0% used [0x00000000f1eb0000, 0x00000000f1eb0000, 0x00000000f2180000)
 tenured generation   total 57888K, used 38802K [0x00000000f5aa0000, 0x00000000f9328000, 0x0000000100000000)
   the space 57888K,  67% used [0x00000000f5aa0000, 0x00000000f8084ae8, 0x00000000f8084c00, 0x00000000f9328000)
 Metaspace       used 27721K, capacity 28698K, committed 29056K, reserved 1075200K
  class space    used 3072K, capacity 3342K, committed 3456K, reserved 1048576K
}
Event: 9.375 GC heap before
{Heap before GC invocations=58 (full 3):
 def new generation   total 26112K, used 24963K [0x00000000f0800000, 0x00000000f2450000, 0x00000000f5aa0000)
  eden space 23232K, 100% used [0x00000000f0800000, 0x00000000f1eb0000, 0x00000000f1eb0000)
  from space 2880K,  60% used [0x00000000f2180000, 0x00000000f2330f20, 0x00000000f2450000)
  to   space 2880K,   0% used [0x00000000f1eb0000, 0x00000000f1eb0000, 0x00000000f2180000)
 tenured generation   total 57888K, used 38802K [0x00000000f5aa0000, 0x00000000f9328000, 0x0000000100000000)
   the space 57888K,  67% used [0x00000000f5aa0000, 0x00000000f8084ae8, 0x00000000f8084c00, 0x00000000f9328000)
 Metaspace       used 29222K, capacity 30154K, committed 30464K, reserved 1077248K
  class space    used 3206K, capacity 3481K, committed 3584K, reserved 1048576K
}
Event: 9.394 GC heap after
{Heap after GC invocations=59 (full 3):
 def new generation   total 26112K, used 1397K [0x00000000f0800000, 0x00000000f2450000, 0x00000000f5aa0000)
  eden space 23232K,   0% used [0x00000000f0800000, 0x00000000f0800000, 0x00000000f1eb0000)
  from space 2880K,  48% used [0x00000000f1eb0000, 0x00000000f200d4a8, 0x00000000f2180000)
  to   space 2880K,   0% used [0x00000000f2180000, 0x00000000f2180000, 0x00000000f2450000)
 tenured generation   total 57888K, used 40140K [0x00000000f5aa0000, 0x00000000f9328000, 0x0000000100000000)
   the space 57888K,  69% used [0x00000000f5aa0000, 0x00000000f81d3018, 0x00000000f81d3200, 0x00000000f9328000)
 Metaspace       used 29222K, capacity 30154K, committed 30464K, reserved 1077248K
  class space    used 3206K, capacity 3481K, committed 3584K, reserved 1048576K
}
Event: 9.546 GC heap before
{Heap before GC invocations=59 (full 3):
 def new generation   total 26112K, used 24616K [0x00000000f0800000, 0x00000000f2450000, 0x00000000f5aa0000)
  eden space 23232K,  99% used [0x00000000f0800000, 0x00000000f1eacf48, 0x00000000f1eb0000)
  from space 2880K,  48% used [0x00000000f1eb0000, 0x00000000f200d4a8, 0x00000000f2180000)
  to   space 2880K,   0% used [0x00000000f2180000, 0x00000000f2180000, 0x00000000f2450000)
 tenured generation   total 57888K, used 40140K [0x00000000f5aa0000, 0x00000000f9328000, 0x0000000100000000)
   the space 57888K,  69% used [0x00000000f5aa0000, 0x00000000f81d3018, 0x00000000f81d3200, 0x00000000f9328000)
 Metaspace       used 29369K, capacity 30340K, committed 30464K, reserved 1077248K
  class space    used 3217K, capacity 3522K, committed 3584K, reserved 1048576K
}
Event: 9.555 GC heap after
{Heap after GC invocations=60 (full 3):
 def new generation   total 26112K, used 2443K [0x00000000f0800000, 0x00000000f2450000, 0x00000000f5aa0000)
  eden space 23232K,   0% used [0x00000000f0800000, 0x00000000f0800000, 0x00000000f1eb0000)
  from space 2880K,  84% used [0x00000000f2180000, 0x00000000f23e2f20, 0x00000000f2450000)
  to   space 2880K,   0% used [0x00000000f1eb0000, 0x00000000f1eb0000, 0x00000000f2180000)
 tenured generation   total 57888K, used 40140K [0x00000000f5aa0000, 0x00000000f9328000, 0x0000000100000000)
   the space 57888K,  69% used [0x00000000f5aa0000, 0x00000000f81d3018, 0x00000000f81d3200, 0x00000000f9328000)
 Metaspace       used 29369K, capacity 30340K, committed 30464K, reserved 1077248K
  class space    used 3217K, capacity 3522K, committed 3584K, reserved 1048576K
}
Event: 9.573 GC heap before
{Heap before GC invocations=60 (full 3):
 def new generation   total 26112K, used 25675K [0x00000000f0800000, 0x00000000f2450000, 0x00000000f5aa0000)
  eden space 23232K, 100% used [0x00000000f0800000, 0x00000000f1eb0000, 0x00000000f1eb0000)
  from space 2880K,  84% used [0x00000000f2180000, 0x00000000f23e2f20, 0x00000000f2450000)
  to   space 2880K,   0% used [0x00000000f1eb0000, 0x00000000f1eb0000, 0x00000000f2180000)
 tenured generation   total 57888K, used 40140K [0x00000000f5aa0000, 0x00000000f9328000, 0x0000000100000000)
   the space 57888K,  69% used [0x00000000f5aa0000, 0x00000000f81d3018, 0x00000000f81d3200, 0x00000000f9328000)
 Metaspace       used 29370K, capacity 30340K, committed 30464K, reserved 1077248K
  class space    used 3217K, capacity 3522K, committed 3584K, reserved 1048576K
}
Event: 9.579 GC heap after
{Heap after GC invocations=61 (full 3):
 def new generation   total 26112K, used 332K [0x00000000f0800000, 0x00000000f2450000, 0x00000000f5aa0000)
  eden space 23232K,   0% used [0x00000000f0800000, 0x00000000f0800000, 0x00000000f1eb0000)
  from space 2880K,  11% used [0x00000000f1eb0000, 0x00000000f1f03350, 0x00000000f2180000)
  to   space 2880K,   0% used [0x00000000f2180000, 0x00000000f2180000, 0x00000000f2450000)
 tenured generation   total 57888K, used 41510K [0x00000000f5aa0000, 0x00000000f9328000, 0x0000000100000000)
   the space 57888K,  71% used [0x00000000f5aa0000, 0x00000000f8329918, 0x00000000f8329a00, 0x00000000f9328000)
 Metaspace       used 29370K, capacity 30340K, committed 30464K, reserved 1077248K
  class space    used 3217K, capacity 3522K, committed 3584K, reserved 1048576K
}
Event: 9.754 GC heap before
{Heap before GC invocations=61 (full 3):
 def new generation   total 26112K, used 23564K [0x00000000f0800000, 0x00000000f2450000, 0x00000000f5aa0000)
  eden space 23232K, 100% used [0x00000000f0800000, 0x00000000f1eb0000, 0x00000000f1eb0000)
  from space 2880K,  11% used [0x00000000f1eb0000, 0x00000000f1f03350, 0x00000000f2180000)
  to   space 2880K,   0% used [0x00000000f2180000, 0x00000000f2180000, 0x00000000f2450000)
 tenured generation   total 57888K, used 41510K [0x00000000f5aa0000, 0x00000000f9328000, 0x0000000100000000)
   the space 57888K,  71% used [0x00000000f5aa0000, 0x00000000f8329918, 0x00000000f8329a00, 0x00000000f9328000)
 Metaspace       used 29410K, capacity 30414K, committed 30720K, reserved 1077248K
  class space    used 3218K, capacity 3524K, committed 3584K, reserved 1048576K
}
Event: 9.768 GC heap after
{Heap after GC invocations=62 (full 3):
 def new generation   total 26112K, used 2880K [0x00000000f0800000, 0x00000000f2450000, 0x00000000f5aa0000)
  eden space 23232K,   0% used [0x00000000f0800000, 0x00000000f0800000, 0x00000000f1eb0000)
  from space 2880K, 100% used [0x00000000f2180000, 0x00000000f2450000, 0x00000000f2450000)
  to   space 2880K,   0% used [0x00000000f1eb0000, 0x00000000f1eb0000, 0x00000000f2180000)
 tenured generation   total 57888K, used 46737K [0x00000000f5aa0000, 0x00000000f9328000, 0x0000000100000000)
   the space 57888K,  80% used [0x00000000f5aa0000, 0x00000000f8844508, 0x00000000f8844600, 0x00000000f9328000)
 Metaspace       used 29410K, capacity 30414K, committed 30720K, reserved 1077248K
  class space    used 3218K, capacity 3524K, committed 3584K, reserved 1048576K
}
Event: 9.787 GC heap before
{Heap before GC invocations=62 (full 3):
 def new generation   total 26112K, used 26094K [0x00000000f0800000, 0x00000000f2450000, 0x00000000f5aa0000)
  eden space 23232K,  99% used [0x00000000f0800000, 0x00000000f1eaba88, 0x00000000f1eb0000)
  from space 2880K, 100% used [0x00000000f2180000, 0x00000000f2450000, 0x00000000f2450000)
  to   space 2880K,   0% used [0x00000000f1eb0000, 0x00000000f1eb0000, 0x00000000f2180000)
 tenured generation   total 57888K, used 46737K [0x00000000f5aa0000, 0x00000000f9328000, 0x0000000100000000)
   the space 57888K,  80% used [0x00000000f5aa0000, 0x00000000f8844508, 0x00000000f8844600, 0x00000000f9328000)
 Metaspace       used 29410K, capacity 30414K, committed 30720K, reserved 1077248K
  class space    used 3218K, capacity 3524K, committed 3584K, reserved 1048576K
}
Event: 9.795 GC heap after
{Heap after GC invocations=63 (full 3):
 def new generation   total 26112K, used 1515K [0x00000000f0800000, 0x00000000f2450000, 0x00000000f5aa0000)
  eden space 23232K,   0% used [0x00000000f0800000, 0x00000000f0800000, 0x00000000f1eb0000)
  from space 2880K,  52% used [0x00000000f1eb0000, 0x00000000f202afd8, 0x00000000f2180000)
  to   space 2880K,   0% used [0x00000000f2180000, 0x00000000f2180000, 0x00000000f2450000)
 tenured generation   total 57888K, used 49616K [0x00000000f5aa0000, 0x00000000f9328000, 0x0000000100000000)
   the space 57888K,  85% used [0x00000000f5aa0000, 0x00000000f8b143e0, 0x00000000f8b14400, 0x00000000f9328000)
 Metaspace       used 29410K, capacity 30414K, committed 30720K, reserved 1077248K
  class space    used 3218K, capacity 3524K, committed 3584K, reserved 1048576K
}
Event: 9.866 GC heap before
{Heap before GC invocations=63 (full 3):
 def new generation   total 26112K, used 24747K [0x00000000f0800000, 0x00000000f2450000, 0x00000000f5aa0000)
  eden space 23232K, 100% used [0x00000000f0800000, 0x00000000f1eb0000, 0x00000000f1eb0000)
  from space 2880K,  52% used [0x00000000f1eb0000, 0x00000000f202afd8, 0x00000000f2180000)
  to   space 2880K,   0% used [0x00000000f2180000, 0x00000000f2180000, 0x00000000f2450000)
 tenured generation   total 57888K, used 49616K [0x00000000f5aa0000, 0x00000000f9328000, 0x0000000100000000)
   the space 57888K,  85% used [0x00000000f5aa0000, 0x00000000f8b143e0, 0x00000000f8b14400, 0x00000000f9328000)
 Metaspace       used 29417K, capacity 30414K, committed 30720K, reserved 1077248K
  class space    used 3218K, capacity 3524K, committed 3584K, reserved 1048576K
}
Event: 9.875 GC heap after
{Heap after GC invocations=64 (full 3):
 def new generation   total 26112K, used 2252K [0x00000000f0800000, 0x00000000f2450000, 0x00000000f5aa0000)
  eden space 23232K,   0% used [0x00000000f0800000, 0x00000000f0800000, 0x00000000f1eb0000)
  from space 2880K,  78% used [0x00000000f2180000, 0x00000000f23b3258, 0x00000000f2450000)
  to   space 2880K,   0% used [0x00000000f1eb0000, 0x00000000f1eb0000, 0x00000000f2180000)
 tenured generation   total 57888K, used 51060K [0x00000000f5aa0000, 0x00000000f9328000, 0x0000000100000000)
   the space 57888K,  88% used [0x00000000f5aa0000, 0x00000000f8c7d2d8, 0x00000000f8c7d400, 0x00000000f9328000)
 Metaspace       used 29417K, capacity 30414K, committed 30720K, reserved 1077248K
  class space    used 3218K, capacity 3524K, committed 3584K, reserved 1048576K
}
Event: 10.094 GC heap before
{Heap before GC invocations=64 (full 3):
 def new generation   total 26112K, used 25484K [0x00000000f0800000, 0x00000000f2450000, 0x00000000f5aa0000)
  eden space 23232K, 100% used [0x00000000f0800000, 0x00000000f1eb0000, 0x00000000f1eb0000)
  from space 2880K,  78% used [0x00000000f2180000, 0x00000000f23b3258, 0x00000000f2450000)
  to   space 2880K,   0% used [0x00000000f1eb0000, 0x00000000f1eb0000, 0x00000000f2180000)
 tenured generation   total 57888K, used 51060K [0x00000000f5aa0000, 0x00000000f9328000, 0x0000000100000000)
   the space 57888K,  88% used [0x00000000f5aa0000, 0x00000000f8c7d2d8, 0x00000000f8c7d400, 0x00000000f9328000)
 Metaspace       used 29525K, capacity 30569K, committed 30720K, reserved 1077248K
  class space    used 3227K, capacity 3534K, committed 3584K, reserved 1048576K
}
Event: 10.145 GC heap after
{Heap after GC invocations=65 (full 3):
 def new generation   total 26112K, used 2880K [0x00000000f0800000, 0x00000000f2450000, 0x00000000f5aa0000)
  eden space 23232K,   0% used [0x00000000f0800000, 0x00000000f0800000, 0x00000000f1eb0000)
  from space 2880K, 100% used [0x00000000f1eb0000, 0x00000000f2180000, 0x00000000f2180000)
  to   space 2880K,   0% used [0x00000000f2180000, 0x00000000f2180000, 0x00000000f2450000)
 tenured generation   total 57888K, used 57029K [0x00000000f5aa0000, 0x00000000f9328000, 0x0000000100000000)
   the space 57888K,  98% used [0x00000000f5aa0000, 0x00000000f9251458, 0x00000000f9251600, 0x00000000f9328000)
 Metaspace       used 29525K, capacity 30569K, committed 30720K, reserved 1077248K
  class space    used 3227K, capacity 3534K, committed 3584K, reserved 1048576K
}
Event: 11.802 GC heap before
{Heap before GC invocations=65 (full 3):
 def new generation   total 26112K, used 26048K [0x00000000f0800000, 0x00000000f2450000, 0x00000000f5aa0000)
  eden space 23232K,  99% used [0x00000000f0800000, 0x00000000f1ea0108, 0x00000000f1eb0000)
  from space 2880K, 100% used [0x00000000f1eb0000, 0x00000000f2180000, 0x00000000f2180000)
  to   space 2880K,   0% used [0x00000000f2180000, 0x00000000f2180000, 0x00000000f2450000)
 tenured generation   total 57888K, used 57029K [0x00000000f5aa0000, 0x00000000f9328000, 0x0000000100000000)
   the space 57888K,  98% used [0x00000000f5aa0000, 0x00000000f9251458, 0x00000000f9251600, 0x00000000f9328000)
 Metaspace       used 30563K, capacity 31605K, committed 31872K, reserved 1077248K
  class space    used 3351K, capacity 3664K, committed 3712K, reserved 1048576K
}

