# JRE version: OpenJDK Runtime Environment (11.0.11+9) (build 11.0.11+9-Ubuntu-0ubuntu2.18.04)
# Java VM: OpenJDK 64-Bit Server VM (11.0.11+9-Ubuntu-0ubuntu2.18.04, mixed mode, sharing, tiered, compressed oops, serial gc, linux-amd64)
Heap:
 def new generation   total 25856K, used 0K [0x00000000f0800000, 0x00000000f2400000, 0x00000000f5aa0000)
  eden space 23040K,   0% used [0x00000000f0800000, 0x00000000f0800000, 0x00000000f1e80000)
  from space 2816K,   0% used [0x00000000f2140000, 0x00000000f2140000, 0x00000000f2400000)
  to   space 2816K,   0% used [0x00000000f1e80000, 0x00000000f1e80000, 0x00000000f2140000)
 tenured generation   total 58744K, used 49785K [0x00000000f5aa0000, 0x00000000f93fe000, 0x0000000100000000)
   the space 58744K,  84% used [0x00000000f5aa0000, 0x00000000f8b3e778, 0x00000000f8b3e800, 0x00000000f93fe000)
 Metaspace       used 30068K, capacity 31056K, committed 31360K, reserved 1077248K
  class space    used 3308K, capacity 3631K, committed 3712K, reserved 1048576K
GC Heap History (20 events):
Event: 7.669 GC heap after
{Heap after GC invocations=56 (full 3):
 def new generation   total 25856K, used 2815K [0x00000000f0800000, 0x00000000f2400000, 0x00000000f5aa0000)
  eden space 23040K,   0% used [0x00000000f0800000, 0x00000000f0800000, 0x00000000f1e80000)
  from space 2816K,  99% used [0x00000000f2140000, 0x00000000f23ffff8, 0x00000000f2400000)
  to   space 2816K,   0% used [0x00000000f1e80000, 0x00000000f1e80000, 0x00000000f2140000)
 tenured generation   total 57296K, used 35711K [0x00000000f5aa0000, 0x00000000f9294000, 0x0000000100000000)
   the space 57296K,  62% used [0x00000000f5aa0000, 0x00000000f7d7ff58, 0x00000000f7d80000, 0x00000000f9294000)
 Metaspace       used 25156K, capacity 25989K, committed 26112K, reserved 1073152K
  class space    used 2809K, capacity 3043K, committed 3072K, reserved 1048576K
}
Event: 8.186 GC heap before
{Heap before GC invocations=56 (full 3):
 def new generation   total 25856K, used 25855K [0x00000000f0800000, 0x00000000f2400000, 0x00000000f5aa0000)
  eden space 23040K, 100% used [0x00000000f0800000, 0x00000000f1e80000, 0x00000000f1e80000)
  from space 2816K,  99% used [0x00000000f2140000, 0x00000000f23ffff8, 0x00000000f2400000)
  to   space 2816K,   0% used [0x00000000f1e80000, 0x00000000f1e80000, 0x00000000f2140000)
 tenured generation   total 57296K, used 35711K [0x00000000f5aa0000, 0x00000000f9294000, 0x0000000100000000)
   the space 57296K,  62% used [0x00000000f5aa0000, 0x00000000f7d7ff58, 0x00000000f7d80000, 0x00000000f9294000)
 Metaspace       used 26534K, capacity 27489K, committed 27648K, reserved 1073152K
  class space    used 2949K, capacity 3225K, committed 3328K, reserved 1048576K
}
Event: 8.210 GC heap after
{Heap after GC invocations=57 (full 3):
 def new generation   total 25856K, used 1618K [0x00000000f0800000, 0x00000000f2400000, 0x00000000f5aa0000)
  eden space 23040K,   0% used [0x00000000f0800000, 0x00000000f0800000, 0x00000000f1e80000)
  from space 2816K,  57% used [0x00000000f1e80000, 0x00000000f20149d8, 0x00000000f2140000)
  to   space 2816K,   0% used [0x00000000f2140000, 0x00000000f2140000, 0x00000000f2400000)
 tenured generation   total 57296K, used 38489K [0x00000000f5aa0000, 0x00000000f9294000, 0x0000000100000000)
   the space 57296K,  67% used [0x00000000f5aa0000, 0x00000000f8036478, 0x00000000f8036600, 0x00000000f9294000)
 Metaspace       used 26534K, capacity 27489K, committed 27648K, reserved 1073152K
  class space    used 2949K, capacity 3225K, committed 3328K, reserved 1048576K
}
Event: 8.548 GC heap before
{Heap before GC invocations=57 (full 3):
 def new generation   total 25856K, used 24658K [0x00000000f0800000, 0x00000000f2400000, 0x00000000f5aa0000)
  eden space 23040K, 100% used [0x00000000f0800000, 0x00000000f1e80000, 0x00000000f1e80000)
  from space 2816K,  57% used [0x00000000f1e80000, 0x00000000f20149d8, 0x00000000f2140000)
  to   space 2816K,   0% used [0x00000000f2140000, 0x00000000f2140000, 0x00000000f2400000)
 tenured generation   total 57296K, used 38489K [0x00000000f5aa0000, 0x00000000f9294000, 0x0000000100000000)
   the space 57296K,  67% used [0x00000000f5aa0000, 0x00000000f8036478, 0x00000000f8036600, 0x00000000f9294000)
 Metaspace       used 27700K, capacity 28680K, committed 28800K, reserved 1075200K
  class space    used 3069K, capacity 3337K, committed 3456K, reserved 1048576K
}
Event: 8.554 GC heap after
{Heap after GC invocations=58 (full 3):
 def new generation   total 25856K, used 368K [0x00000000f0800000, 0x00000000f2400000, 0x00000000f5aa0000)
  eden space 23040K,   0% used [0x00000000f0800000, 0x00000000f0800000, 0x00000000f1e80000)
  from space 2816K,  13% used [0x00000000f2140000, 0x00000000f219c170, 0x00000000f2400000)
  to   space 2816K,   0% used [0x00000000f1e80000, 0x00000000f1e80000, 0x00000000f2140000)
 tenured generation   total 57296K, used 40031K [0x00000000f5aa0000, 0x00000000f9294000, 0x0000000100000000)
   the space 57296K,  69% used [0x00000000f5aa0000, 0x00000000f81b7ee0, 0x00000000f81b8000, 0x00000000f9294000)
 Metaspace       used 27700K, capacity 28680K, committed 28800K, reserved 1075200K
  class space    used 3069K, capacity 3337K, committed 3456K, reserved 1048576K
}
Event: 9.254 GC heap before
{Heap before GC invocations=58 (full 3):
 def new generation   total 25856K, used 23408K [0x00000000f0800000, 0x00000000f2400000, 0x00000000f5aa0000)
  eden space 23040K, 100% used [0x00000000f0800000, 0x00000000f1e80000, 0x00000000f1e80000)
  from space 2816K,  13% used [0x00000000f2140000, 0x00000000f219c170, 0x00000000f2400000)
  to   space 2816K,   0% used [0x00000000f1e80000, 0x00000000f1e80000, 0x00000000f2140000)
 tenured generation   total 57296K, used 40031K [0x00000000f5aa0000, 0x00000000f9294000, 0x0000000100000000)
   the space 57296K,  69% used [0x00000000f5aa0000, 0x00000000f81b7ee0, 0x00000000f81b8000, 0x00000000f9294000)
 Metaspace       used 28993K, capacity 29957K, committed 30208K, reserved 1075200K
  class space    used 3200K, capacity 3481K, committed 3584K, reserved 1048576K
}
Event: 9.259 GC heap after
{Heap after GC invocations=59 (full 3):
 def new generation   total 25856K, used 1273K [0x00000000f0800000, 0x00000000f2400000, 0x00000000f5aa0000)
  eden space 23040K,   0% used [0x00000000f0800000, 0x00000000f0800000, 0x00000000f1e80000)
  from space 2816K,  45% used [0x00000000f1e80000, 0x00000000f1fbe5a0, 0x00000000f2140000)
  to   space 2816K,   0% used [0x00000000f2140000, 0x00000000f2140000, 0x00000000f2400000)
 tenured generation   total 57296K, used 40031K [0x00000000f5aa0000, 0x00000000f9294000, 0x0000000100000000)
   the space 57296K,  69% used [0x00000000f5aa0000, 0x00000000f81b7ee0, 0x00000000f81b8000, 0x00000000f9294000)
 Metaspace       used 28993K, capacity 29957K, committed 30208K, reserved 1075200K
  class space    used 3200K, capacity 3481K, committed 3584K, reserved 1048576K
}
Event: 9.491 GC heap before
{Heap before GC invocations=59 (full 3):
 def new generation   total 25856K, used 24298K [0x00000000f0800000, 0x00000000f2400000, 0x00000000f5aa0000)
  eden space 23040K,  99% used [0x00000000f0800000, 0x00000000f1e7c378, 0x00000000f1e80000)
  from space 2816K,  45% used [0x00000000f1e80000, 0x00000000f1fbe5a0, 0x00000000f2140000)
  to   space 2816K,   0% used [0x00000000f2140000, 0x00000000f2140000, 0x00000000f2400000)
 tenured generation   total 57296K, used 40031K [0x00000000f5aa0000, 0x00000000f9294000, 0x0000000100000000)
   the space 57296K,  69% used [0x00000000f5aa0000, 0x00000000f81b7ee0, 0x00000000f81b8000, 0x00000000f9294000)
 Metaspace       used 29280K, capacity 30212K, committed 30464K, reserved 1077248K
  class space    used 3216K, capacity 3522K, committed 3584K, reserved 1048576K
}
Event: 9.497 GC heap after
{Heap after GC invocations=60 (full 3):
 def new generation   total 25856K, used 2557K [0x00000000f0800000, 0x00000000f2400000, 0x00000000f5aa0000)
  eden space 23040K,   0% used [0x00000000f0800000, 0x00000000f0800000, 0x00000000f1e80000)
  from space 2816K,  90% used [0x00000000f2140000, 0x00000000f23bf5e0, 0x00000000f2400000)
  to   space 2816K,   0% used [0x00000000f1e80000, 0x00000000f1e80000, 0x00000000f2140000)
 tenured generation   total 57296K, used 40031K [0x00000000f5aa0000, 0x00000000f9294000, 0x0000000100000000)
   the space 57296K,  69% used [0x00000000f5aa0000, 0x00000000f81b7ee0, 0x00000000f81b8000, 0x00000000f9294000)
 Metaspace       used 29280K, capacity 30212K, committed 30464K, reserved 1077248K
  class space    used 3216K, capacity 3522K, committed 3584K, reserved 1048576K
}
Event: 9.508 GC heap before
{Heap before GC invocations=60 (full 3):
 def new generation   total 25856K, used 25597K [0x00000000f0800000, 0x00000000f2400000, 0x00000000f5aa0000)
  eden space 23040K, 100% used [0x00000000f0800000, 0x00000000f1e80000, 0x00000000f1e80000)
  from space 2816K,  90% used [0x00000000f2140000, 0x00000000f23bf5e0, 0x00000000f2400000)
  to   space 2816K,   0% used [0x00000000f1e80000, 0x00000000f1e80000, 0x00000000f2140000)
 tenured generation   total 57296K, used 40031K [0x00000000f5aa0000, 0x00000000f9294000, 0x0000000100000000)
   the space 57296K,  69% used [0x00000000f5aa0000, 0x00000000f81b7ee0, 0x00000000f81b8000, 0x00000000f9294000)
 Metaspace       used 29280K, capacity 30212K, committed 30464K, reserved 1077248K
  class space    used 3216K, capacity 3522K, committed 3584K, reserved 1048576K
}
Event: 9.514 GC heap after
{Heap after GC invocations=61 (full 3):
 def new generation   total 25856K, used 1337K [0x00000000f0800000, 0x00000000f2400000, 0x00000000f5aa0000)
  eden space 23040K,   0% used [0x00000000f0800000, 0x00000000f0800000, 0x00000000f1e80000)
  from space 2816K,  47% used [0x00000000f1e80000, 0x00000000f1fce470, 0x00000000f2140000)
  to   space 2816K,   0% used [0x00000000f2140000, 0x00000000f2140000, 0x00000000f2400000)
 tenured generation   total 57296K, used 41289K [0x00000000f5aa0000, 0x00000000f9294000, 0x0000000100000000)
   the space 57296K,  72% used [0x00000000f5aa0000, 0x00000000f82f2420, 0x00000000f82f2600, 0x00000000f9294000)
 Metaspace       used 29280K, capacity 30212K, committed 30464K, reserved 1077248K
  class space    used 3216K, capacity 3522K, committed 3584K, reserved 1048576K
}
Event: 9.668 GC heap before
{Heap before GC invocations=61 (full 3):
 def new generation   total 25856K, used 24366K [0x00000000f0800000, 0x00000000f2400000, 0x00000000f5aa0000)
  eden space 23040K,  99% used [0x00000000f0800000, 0x00000000f1e7d768, 0x00000000f1e80000)
  from space 2816K,  47% used [0x00000000f1e80000, 0x00000000f1fce470, 0x00000000f2140000)
  to   space 2816K,   0% used [0x00000000f2140000, 0x00000000f2140000, 0x00000000f2400000)
 tenured generation   total 57296K, used 41289K [0x00000000f5aa0000, 0x00000000f9294000, 0x0000000100000000)
   the space 57296K,  72% used [0x00000000f5aa0000, 0x00000000f82f2420, 0x00000000f82f2600, 0x00000000f9294000)
 Metaspace       used 29312K, capacity 30222K, committed 30464K, reserved 1077248K
  class space    used 3217K, capacity 3524K, committed 3584K, reserved 1048576K
}
Event: 9.687 GC heap after
{Heap after GC invocations=62 (full 3):
 def new generation   total 25856K, used 2816K [0x00000000f0800000, 0x00000000f2400000, 0x00000000f5aa0000)
  eden space 23040K,   0% used [0x00000000f0800000, 0x00000000f0800000, 0x00000000f1e80000)
  from space 2816K, 100% used [0x00000000f2140000, 0x00000000f2400000, 0x00000000f2400000)
  to   space 2816K,   0% used [0x00000000f1e80000, 0x00000000f1e80000, 0x00000000f2140000)
 tenured generation   total 57296K, used 45759K [0x00000000f5aa0000, 0x00000000f9294000, 0x0000000100000000)
   the space 57296K,  79% used [0x00000000f5aa0000, 0x00000000f874fc28, 0x00000000f874fe00, 0x00000000f9294000)
 Metaspace       used 29312K, capacity 30222K, committed 30464K, reserved 1077248K
  class space    used 3217K, capacity 3524K, committed 3584K, reserved 1048576K
}
Event: 9.737 GC heap before
{Heap before GC invocations=62 (full 3):
 def new generation   total 25856K, used 25818K [0x00000000f0800000, 0x00000000f2400000, 0x00000000f5aa0000)
  eden space 23040K,  99% used [0x00000000f0800000, 0x00000000f1e76b98, 0x00000000f1e80000)
  from space 2816K, 100% used [0x00000000f2140000, 0x00000000f2400000, 0x00000000f2400000)
  to   space 2816K,   0% used [0x00000000f1e80000, 0x00000000f1e80000, 0x00000000f2140000)
 tenured generation   total 57296K, used 45759K [0x00000000f5aa0000, 0x00000000f9294000, 0x0000000100000000)
   the space 57296K,  79% used [0x00000000f5aa0000, 0x00000000f874fc28, 0x00000000f874fe00, 0x00000000f9294000)
 Metaspace       used 29323K, capacity 30286K, committed 30464K, reserved 1077248K
  class space    used 3217K, capacity 3524K, committed 3584K, reserved 1048576K
}
Event: 9.749 GC heap after
{Heap after GC invocations=63 (full 3):
 def new generation   total 25856K, used 2626K [0x00000000f0800000, 0x00000000f2400000, 0x00000000f5aa0000)
  eden space 23040K,   0% used [0x00000000f0800000, 0x00000000f0800000, 0x00000000f1e80000)
  from space 2816K,  93% used [0x00000000f1e80000, 0x00000000f2110b20, 0x00000000f2140000)
  to   space 2816K,   0% used [0x00000000f2140000, 0x00000000f2140000, 0x00000000f2400000)
 tenured generation   total 57296K, used 48550K [0x00000000f5aa0000, 0x00000000f9294000, 0x0000000100000000)
   the space 57296K,  84% used [0x00000000f5aa0000, 0x00000000f8a09838, 0x00000000f8a09a00, 0x00000000f9294000)
 Metaspace       used 29323K, capacity 30286K, committed 30464K, reserved 1077248K
  class space    used 3217K, capacity 3524K, committed 3584K, reserved 1048576K
}
Event: 9.792 GC heap before
{Heap before GC invocations=63 (full 3):
 def new generation   total 25856K, used 25666K [0x00000000f0800000, 0x00000000f2400000, 0x00000000f5aa0000)
  eden space 23040K, 100% used [0x00000000f0800000, 0x00000000f1e80000, 0x00000000f1e80000)
  from space 2816K,  93% used [0x00000000f1e80000, 0x00000000f2110b20, 0x00000000f2140000)
  to   space 2816K,   0% used [0x00000000f2140000, 0x00000000f2140000, 0x00000000f2400000)
 tenured generation   total 57296K, used 48550K [0x00000000f5aa0000, 0x00000000f9294000, 0x0000000100000000)
   the space 57296K,  84% used [0x00000000f5aa0000, 0x00000000f8a09838, 0x00000000f8a09a00, 0x00000000f9294000)
 Metaspace       used 29323K, capacity 30286K, committed 30464K, reserved 1077248K
  class space    used 3217K, capacity 3524K, committed 3584K, reserved 1048576K
}
Event: 9.797 GC heap after
{Heap after GC invocations=64 (full 3):
 def new generation   total 25856K, used 946K [0x00000000f0800000, 0x00000000f2400000, 0x00000000f5aa0000)
  eden space 23040K,   0% used [0x00000000f0800000, 0x00000000f0800000, 0x00000000f1e80000)
  from space 2816K,  33% used [0x00000000f2140000, 0x00000000f222c918, 0x00000000f2400000)
  to   space 2816K,   0% used [0x00000000f1e80000, 0x00000000f1e80000, 0x00000000f2140000)
 tenured generation   total 57296K, used 51109K [0x00000000f5aa0000, 0x00000000f9294000, 0x0000000100000000)
   the space 57296K,  89% used [0x00000000f5aa0000, 0x00000000f8c89780, 0x00000000f8c89800, 0x00000000f9294000)
 Metaspace       used 29323K, capacity 30286K, committed 30464K, reserved 1077248K
  class space    used 3217K, capacity 3524K, committed 3584K, reserved 1048576K
}
Event: 9.972 GC heap before
{Heap before GC invocations=64 (full 3):
 def new generation   total 25856K, used 23986K [0x00000000f0800000, 0x00000000f2400000, 0x00000000f5aa0000)
  eden space 23040K, 100% used [0x00000000f0800000, 0x00000000f1e80000, 0x00000000f1e80000)
  from space 2816K,  33% used [0x00000000f2140000, 0x00000000f222c918, 0x00000000f2400000)
  to   space 2816K,   0% used [0x00000000f1e80000, 0x00000000f1e80000, 0x00000000f2140000)
 tenured generation   total 57296K, used 51109K [0x00000000f5aa0000, 0x00000000f9294000, 0x0000000100000000)
   the space 57296K,  89% used [0x00000000f5aa0000, 0x00000000f8c89780, 0x00000000f8c89800, 0x00000000f9294000)
 Metaspace       used 29332K, capacity 30286K, committed 30464K, reserved 1077248K
  class space    used 3217K, capacity 3524K, committed 3584K, reserved 1048576K
}
Event: 9.998 GC heap after
{Heap after GC invocations=65 (full 3):
 def new generation   total 25856K, used 2816K [0x00000000f0800000, 0x00000000f2400000, 0x00000000f5aa0000)
  eden space 23040K,   0% used [0x00000000f0800000, 0x00000000f0800000, 0x00000000f1e80000)
  from space 2816K, 100% used [0x00000000f1e80000, 0x00000000f2140000, 0x00000000f2140000)
  to   space 2816K,   0% used [0x00000000f2140000, 0x00000000f2140000, 0x00000000f2400000)
 tenured generation   total 57296K, used 55899K [0x00000000f5aa0000, 0x00000000f9294000, 0x0000000100000000)
   the space 57296K,  97% used [0x00000000f5aa0000, 0x00000000f9136fa8, 0x00000000f9137000, 0x00000000f9294000)
 Metaspace       used 29332K, capacity 30286K, committed 30464K, reserved 1077248K
  class space    used 3217K, capacity 3524K, committed 3584K, reserved 1048576K
}
Event: 11.278 GC heap before
{Heap before GC invocations=65 (full 3):
 def new generation   total 25856K, used 25799K [0x00000000f0800000, 0x00000000f2400000, 0x00000000f5aa0000)
  eden space 23040K,  99% used [0x00000000f0800000, 0x00000000f1e71d28, 0x00000000f1e80000)
  from space 2816K, 100% used [0x00000000f1e80000, 0x00000000f2140000, 0x00000000f2140000)
  to   space 2816K,   0% used [0x00000000f2140000, 0x00000000f2140000, 0x00000000f2400000)
 tenured generation   total 57296K, used 55899K [0x00000000f5aa0000, 0x00000000f9294000, 0x0000000100000000)
   the space 57296K,  97% used [0x00000000f5aa0000, 0x00000000f9136fa8, 0x00000000f9137000, 0x00000000f9294000)
 Metaspace       used 30068K, capacity 31056K, committed 31360K, reserved 1077248K
  class space    used 3308K, capacity 3631K, committed 3712K, reserved 1048576K
}

